app/build/outputs/logs/manifest-merger-debug-report.txt
-- Merging decision tree log ---
manifest
ADDED from src\main\AndroidManifest.xml:2:1-214:12
	package
		ADDED from src\main\AndroidManifest.xml:3:5-22
		INJECTED from src\main\AndroidManifest.xml
		INJECTED from src\main\AndroidManifest.xml
	android:versionName
		ADDED from src\main\AndroidManifest.xml:5:5-30
		INJECTED from src\main\AndroidManifest.xml
		INJECTED from src\main\AndroidManifest.xml
	android:versionCode
		ADDED from src\main\AndroidManifest.xml:4:5-28
		INJECTED from src\main\AndroidManifest.xml
		INJECTED from src\main\AndroidManifest.xml
	xmlns:android
		ADDED from src\main\AndroidManifest.xml:2:11-69
uses-permission#android.permission.CAMERA
ADDED from src\main\AndroidManifest.xml:7:5-65
	android:name
		ADDED from src\main\AndroidManifest.xml:7:22-62
uses-permission#android.permission.INTERNET
ADDED from src\main\AndroidManifest.xml:8:5-67
	android:name
		ADDED from src\main\AndroidManifest.xml:8:22-64
uses-permission#android.permission.ACCESS_NETWORK_STATE
ADDED from src\main\AndroidManifest.xml:9:5-79
	android:name
		ADDED from src\main\AndroidManifest.xml:9:22-76
uses-permission#android.permission.ACCESS_WIFI_STATE
ADDED from src\main\AndroidManifest.xml:10:5-76
	android:name
		ADDED from src\main\AndroidManifest.xml:10:22-73
uses-permission#android.permission.CALL_PHONE
ADDED from src\main\AndroidManifest.xml:11:5-69
	android:name
		ADDED from src\main\AndroidManifest.xml:11:22-66
uses-permission#android.permission.WRITE_EXTERNAL_STORAGE
ADDED from src\main\AndroidManifest.xml:12:5-81
	android:name
		ADDED from src\main\AndroidManifest.xml:12:22-78
uses-permission#android.permission.RECORD_AUDIO
ADDED from src\main\AndroidManifest.xml:13:5-71
	android:name
		ADDED from src\main\AndroidManifest.xml:13:22-68
uses-permission#android.permission.SET_DEBUG_APP
ADDED from src\main\AndroidManifest.xml:14:5-72
	android:name
		ADDED from src\main\AndroidManifest.xml:14:22-69
uses-permission#android.permission.READ_PHONE_STATE
ADDED from src\main\AndroidManifest.xml:15:5-75
	android:name
		ADDED from src\main\AndroidManifest.xml:15:22-72
uses-permission#android.permission.WRITE_SYNC_SETTINGS
ADDED from src\main\AndroidManifest.xml:16:5-78
	android:name
		ADDED from src\main\AndroidManifest.xml:16:22-75
uses-permission#android.permission.DELETE_PACKAGES
ADDED from src\main\AndroidManifest.xml:18:5-74
	android:name
		ADDED from src\main\AndroidManifest.xml:18:22-71
uses-permission#android.permission.INSTALL_PACKAGES
ADDED from src\main\AndroidManifest.xml:19:5-75
	android:name
		ADDED from src\main\AndroidManifest.xml:19:22-72
uses-permission#com.symbol.emdk.permission.EMDK
ADDED from src\main\AndroidManifest.xml:21:5-71
	android:name
		ADDED from src\main\AndroidManifest.xml:21:22-68
uses-permission#android.permission.VIBRATE
ADDED from src\main\AndroidManifest.xml:22:5-66
	android:name
		ADDED from src\main\AndroidManifest.xml:22:22-63
uses-permission#android.permission.SYSTEM_ALERT_WINDOW
ADDED from src\main\AndroidManifest.xml:23:5-78
	android:name
		ADDED from src\main\AndroidManifest.xml:23:22-75
uses-permission#android.permission.BLUETOOTH
ADDED from src\main\AndroidManifest.xml:25:5-67
	android:name
		ADDED from src\main\AndroidManifest.xml:25:22-65
uses-sdk
ADDED from src\main\AndroidManifest.xml:27:5-29:41
MERGED from [com.android.support:support-v4:23.1.1] AndroidManifest.xml:20:5-43
	android:targetSdkVersion
		ADDED from src\main\AndroidManifest.xml:29:9-38
		INJECTED from src\main\AndroidManifest.xml
		INJECTED from src\main\AndroidManifest.xml
	android:minSdkVersion
		ADDED from src\main\AndroidManifest.xml:28:9-35
		INJECTED from src\main\AndroidManifest.xml
		INJECTED from src\main\AndroidManifest.xml
application
ADDED from src\main\AndroidManifest.xml:31:5-212:19
MERGED from [com.android.support:support-v4:23.1.1] AndroidManifest.xml:22:5-20
	android:screenOrientation
		ADDED from src\main\AndroidManifest.xml:36:9-45
	android:label
		ADDED from src\main\AndroidManifest.xml:35:9-41
	android:configChanges
		ADDED from src\main\AndroidManifest.xml:33:9-70
	android:allowBackup
		ADDED from src\main\AndroidManifest.xml:32:9-35
	android:icon
		ADDED from src\main\AndroidManifest.xml:34:9-45
	android:theme
		ADDED from src\main\AndroidManifest.xml:37:9-40
uses-library#com.symbol.emdk
ADDED from src\main\AndroidManifest.xml:39:9-41:12
	android:required
		ADDED from src\main\AndroidManifest.xml:40:13-37
	android:name
		ADDED from src\main\AndroidManifest.xml:39:23-53
uses-library#com.motorolasolutions.adc.usbscanner
ADDED from src\main\AndroidManifest.xml:43:9-45:40
	android:required
		ADDED from src\main\AndroidManifest.xml:45:13-37
	android:name
		ADDED from src\main\AndroidManifest.xml:44:13-64
activity#main.MainActivity
ADDED from src\main\AndroidManifest.xml:47:9-58:20
	android:enabled
		ADDED from src\main\AndroidManifest.xml:50:13-35
	android:label
		ADDED from src\main\AndroidManifest.xml:51:13-45
	android:launchMode
		ADDED from src\main\AndroidManifest.xml:52:13-42
	android:configChanges
		ADDED from src\main\AndroidManifest.xml:49:13-74
	android:name
		ADDED from src\main\AndroidManifest.xml:48:13-45
intent-filter#android.intent.action.MAIN+android.intent.category.LAUNCHER
ADDED from src\main\AndroidManifest.xml:53:13-57:29
action#android.intent.action.MAIN
ADDED from src\main\AndroidManifest.xml:54:17-69
	android:name
		ADDED from src\main\AndroidManifest.xml:54:25-66
category#android.intent.category.LAUNCHER
ADDED from src\main\AndroidManifest.xml:56:17-77
	android:name
		ADDED from src\main\AndroidManifest.xml:56:27-74
activity#containerchecking.ContainerChecking
ADDED from src\main\AndroidManifest.xml:59:9-63:20
	android:label
		ADDED from src\main\AndroidManifest.xml:62:13-70
	android:configChanges
		ADDED from src\main\AndroidManifest.xml:61:13-74
	android:name
		ADDED from src\main\AndroidManifest.xml:60:13-63
activity#containerchecking.ContainerChecking_Detail
ADDED from src\main\AndroidManifest.xml:64:9-69:20
	android:label
		ADDED from src\main\AndroidManifest.xml:67:13-79
	android:windowSoftInputMode
		ADDED from src\main\AndroidManifest.xml:68:13-52
	android:configChanges
		ADDED from src\main\AndroidManifest.xml:66:13-74
	android:name
		ADDED from src\main\AndroidManifest.xml:65:13-70
activity#locationchecking.LocationChecking
ADDED from src\main\AndroidManifest.xml:70:9-74:20
	android:label
		ADDED from src\main\AndroidManifest.xml:73:13-69
	android:configChanges
		ADDED from src\main\AndroidManifest.xml:72:13-74
	android:name
		ADDED from src\main\AndroidManifest.xml:71:13-61
activity#palletchecking.PalletChecking
ADDED from src\main\AndroidManifest.xml:75:9-79:20
	android:label
		ADDED from src\main\AndroidManifest.xml:78:13-67
	android:configChanges
		ADDED from src\main\AndroidManifest.xml:77:13-74
	android:name
		ADDED from src\main\AndroidManifest.xml:76:13-57
activity#general.EmployeePerformance
ADDED from src\main\AndroidManifest.xml:80:9-84:20
	android:label
		ADDED from src\main\AndroidManifest.xml:83:13-72
	android:configChanges
		ADDED from src\main\AndroidManifest.xml:82:13-74
	android:name
		ADDED from src\main\AndroidManifest.xml:81:13-55
activity#general.DriverMovementChecking
ADDED from src\main\AndroidManifest.xml:85:9-89:20
	android:label
		ADDED from src\main\AndroidManifest.xml:88:13-74
	android:configChanges
		ADDED from src\main\AndroidManifest.xml:87:13-74
	android:name
		ADDED from src\main\AndroidManifest.xml:86:13-58
activity#general.ReceivingOrders
ADDED from src\main\AndroidManifest.xml:90:9-94:20
	android:label
		ADDED from src\main\AndroidManifest.xml:93:13-68
	android:configChanges
		ADDED from src\main\AndroidManifest.xml:92:13-74
	android:name
		ADDED from src\main\AndroidManifest.xml:91:13-51
activity#scan_do.Login
ADDED from src\main\AndroidManifest.xml:95:9-99:20
	android:label
		ADDED from src\main\AndroidManifest.xml:97:13-57
	android:windowSoftInputMode
		ADDED from src\main\AndroidManifest.xml:98:13-60
	android:name
		ADDED from src\main\AndroidManifest.xml:96:13-41
activity#scan_do.Scan_DispatchingOrder
ADDED from src\main\AndroidManifest.xml:100:9-106:20
	android:screenOrientation
		ADDED from src\main\AndroidManifest.xml:104:13-49
	android:label
		ADDED from src\main\AndroidManifest.xml:103:13-60
	android:windowSoftInputMode
		ADDED from src\main\AndroidManifest.xml:105:13-60
	android:configChanges
		ADDED from src\main\AndroidManifest.xml:102:13-48
	android:name
		ADDED from src\main\AndroidManifest.xml:101:13-57
activity#takepicture.Note_TakePhoto
ADDED from src\main\AndroidManifest.xml:107:9-112:20
	android:label
		ADDED from src\main\AndroidManifest.xml:110:13-68
	android:windowSoftInputMode
		ADDED from src\main\AndroidManifest.xml:111:13-60
	android:configChanges
		ADDED from src\main\AndroidManifest.xml:109:13-74
	android:name
		ADDED from src\main\AndroidManifest.xml:108:13-54
activity#changepassword.ChangePassWord
ADDED from src\main\AndroidManifest.xml:113:9-118:20
	android:label
		ADDED from src\main\AndroidManifest.xml:116:13-68
	android:windowSoftInputMode
		ADDED from src\main\AndroidManifest.xml:117:13-52
	android:configChanges
		ADDED from src\main\AndroidManifest.xml:115:13-48
	android:name
		ADDED from src\main\AndroidManifest.xml:114:13-57
activity#upload_file.CameraPhotoUpload
ADDED from src\main\AndroidManifest.xml:119:9-122:20
	android:label
		ADDED from src\main\AndroidManifest.xml:121:13-71
	android:name
		ADDED from src\main\AndroidManifest.xml:120:13-57
activity#upload_file.UploadPictureToServer
ADDED from src\main\AndroidManifest.xml:123:9-128:20
	android:label
		ADDED from src\main\AndroidManifest.xml:126:13-76
	android:windowSoftInputMode
		ADDED from src\main\AndroidManifest.xml:127:13-60
	android:configChanges
		ADDED from src\main\AndroidManifest.xml:125:13-74
	android:name
		ADDED from src\main\AndroidManifest.xml:124:13-61
activity#my_order.Dispatching_AssignList
ADDED from src\main\AndroidManifest.xml:129:9-133:20
	android:label
		ADDED from src\main\AndroidManifest.xml:132:13-69
	android:configChanges
		ADDED from src\main\AndroidManifest.xml:131:13-74
	android:name
		ADDED from src\main\AndroidManifest.xml:130:13-59
activity#scan_do.Test
ADDED from src\main\AndroidManifest.xml:134:9-137:20
	android:label
		ADDED from src\main\AndroidManifest.xml:136:13-56
	android:name
		ADDED from src\main\AndroidManifest.xml:135:13-40
activity#com.google.zxing.client.android.CaptureActivity
ADDED from src\main\AndroidManifest.xml:138:9-148:20
	android:windowSoftInputMode
		ADDED from src\main\AndroidManifest.xml:142:13-60
	android:configChanges
		ADDED from src\main\AndroidManifest.xml:140:13-63
	android:theme
		ADDED from src\main\AndroidManifest.xml:141:13-71
	android:name
		ADDED from src\main\AndroidManifest.xml:139:13-75
intent-filter#android.intent.category.DEFAULT+com.google.zxing.client.android.SCAN
ADDED from src\main\AndroidManifest.xml:143:13-147:29
action#com.google.zxing.client.android.SCAN
ADDED from src\main\AndroidManifest.xml:144:17-79
	android:name
		ADDED from src\main\AndroidManifest.xml:144:25-76
category#android.intent.category.DEFAULT
ADDED from src\main\AndroidManifest.xml:146:17-76
	android:name
		ADDED from src\main\AndroidManifest.xml:146:27-73
activity#takepicture.ViewIMG
ADDED from src\main\AndroidManifest.xml:149:9-152:20
	android:label
		ADDED from src\main\AndroidManifest.xml:151:13-60
	android:name
		ADDED from src\main\AndroidManifest.xml:150:13-47
activity#takepicture.CallTakePhotos
ADDED from src\main\AndroidManifest.xml:153:9-156:20
	android:label
		ADDED from src\main\AndroidManifest.xml:155:13-68
	android:name
		ADDED from src\main\AndroidManifest.xml:154:13-54
activity#scan_nhaphang.Scan_DSReceivingOrders
ADDED from src\main\AndroidManifest.xml:157:9-162:20
	android:label
		ADDED from src\main\AndroidManifest.xml:160:13-76
	android:windowSoftInputMode
		ADDED from src\main\AndroidManifest.xml:161:13-60
	android:configChanges
		ADDED from src\main\AndroidManifest.xml:159:13-74
	android:name
		ADDED from src\main\AndroidManifest.xml:158:13-64
activity#update_software.Update_Software_Activity
ADDED from src\main\AndroidManifest.xml:163:9-167:20
	android:label
		ADDED from src\main\AndroidManifest.xml:166:13-69
	android:configChanges
		ADDED from src\main\AndroidManifest.xml:165:13-74
	android:name
		ADDED from src\main\AndroidManifest.xml:164:13-68
activity#scs.whc.History_EmployeeInOut
ADDED from src\main\AndroidManifest.xml:168:9-171:20
	android:label
		ADDED from src\main\AndroidManifest.xml:170:13-76
	android:name
		ADDED from src\main\AndroidManifest.xml:169:13-50
activity#scan_nhaphang.Scan_ReceivingOrders
ADDED from src\main\AndroidManifest.xml:172:9-177:20
	android:label
		ADDED from src\main\AndroidManifest.xml:175:13-73
	android:windowSoftInputMode
		ADDED from src\main\AndroidManifest.xml:176:13-60
	android:configChanges
		ADDED from src\main\AndroidManifest.xml:174:13-74
	android:name
		ADDED from src\main\AndroidManifest.xml:173:13-62
activity#freelocation.FreeLocation
ADDED from src\main\AndroidManifest.xml:178:9-181:20
	android:label
		ADDED from src\main\AndroidManifest.xml:180:13-65
	android:name
		ADDED from src\main\AndroidManifest.xml:179:13-53
activity#freelocation.FreeLocation_Details
ADDED from src\main\AndroidManifest.xml:182:9-185:20
	android:label
		ADDED from src\main\AndroidManifest.xml:184:13-74
	android:name
		ADDED from src\main\AndroidManifest.xml:183:13-61
activity#scs.whc.CheckingDocument
ADDED from src\main\AndroidManifest.xml:186:9-189:20
	android:label
		ADDED from src\main\AndroidManifest.xml:188:13-69
	android:name
		ADDED from src\main\AndroidManifest.xml:187:13-45
activity#workerinput.WorkerTimeInput
ADDED from src\main\AndroidManifest.xml:190:9-195:20
	android:label
		ADDED from src\main\AndroidManifest.xml:193:13-69
	android:windowSoftInputMode
		ADDED from src\main\AndroidManifest.xml:194:13-60
	android:configChanges
		ADDED from src\main\AndroidManifest.xml:192:13-74
	android:name
		ADDED from src\main\AndroidManifest.xml:191:13-55
activity#scs.whc.WorkingSchedules
ADDED from src\main\AndroidManifest.xml:196:9-199:20
	android:label
		ADDED from src\main\AndroidManifest.xml:198:13-69
	android:name
		ADDED from src\main\AndroidManifest.xml:197:13-45
activity#scs.whc.MyOrderToDay
ADDED from src\main\AndroidManifest.xml:200:9-203:20
	android:label
		ADDED from src\main\AndroidManifest.xml:202:13-67
	android:name
		ADDED from src\main\AndroidManifest.xml:201:13-41
activity#scs.whc.WorkerEmployeeID_InPut
ADDED from src\main\AndroidManifest.xml:204:9-207:20
	android:label
		ADDED from src\main\AndroidManifest.xml:206:13-78
	android:name
		ADDED from src\main\AndroidManifest.xml:205:13-51
activity#scan_do.Scan_DispatchPallet
ADDED from src\main\AndroidManifest.xml:208:9-211:20
	android:label
		ADDED from src\main\AndroidManifest.xml:210:13-73
	android:name
		ADDED from src\main\AndroidManifest.xml:209:13-55